{
  "stats": {
    "suites": 2,
    "tests": 10,
    "passes": 8,
    "pending": 0,
    "failures": 2,
    "start": "2024-05-31T21:14:28.281Z",
    "end": "2024-05-31T21:14:46.226Z",
    "duration": 17945,
    "testsRegistered": 10,
    "passPercent": 80,
    "pendingPercent": 0,
    "other": 0,
    "hasOther": false,
    "skipped": 0,
    "hasSkipped": false
  },
  "results": [
    {
      "uuid": "10807a06-da95-49d4-b264-d2952f677fad",
      "title": "",
      "fullFile": "cypress\\e2e\\spec.cy.js",
      "file": "cypress\\e2e\\spec.cy.js",
      "beforeHooks": [],
      "afterHooks": [],
      "tests": [],
      "suites": [
        {
          "uuid": "8b135310-15fb-40e6-a143-c2be09bc300b",
          "title": "Test suite: Pecode Login (test data from env variables)",
          "fullFile": "",
          "file": "",
          "beforeHooks": [],
          "afterHooks": [],
          "tests": [
            {
              "title": "Check that DOM elements presented",
              "fullTitle": "Test suite: Pecode Login (test data from env variables) Check that DOM elements presented",
              "timedOut": null,
              "duration": 1704,
              "state": "passed",
              "speed": "fast",
              "pass": true,
              "fail": false,
              "pending": false,
              "context": null,
              "code": "cy.visit('/qa-portal/greet.php');\ncy.get('center').should('exist');\ncy.get('.form-group').should('exist');\ncy.get('input[name=\"username\"]').should('exist');\ncy.get('input[name=\"password\"]').should('exist');\ncy.get('.btn.btn-success').contains('Login').should('exist');",
              "err": {},
              "uuid": "b01713f6-1e83-4bfd-8b5b-bf284a912cc0",
              "parentUUID": "8b135310-15fb-40e6-a143-c2be09bc300b",
              "isHook": false,
              "skipped": false
            },
            {
              "title": "Should fail: Pecode Login Page Test with commands",
              "fullTitle": "Test suite: Pecode Login (test data from env variables) Should fail: Pecode Login Page Test with commands",
              "timedOut": null,
              "duration": 5621,
              "state": "failed",
              "speed": null,
              "pass": false,
              "fail": true,
              "pending": false,
              "context": null,
              "code": "cy.visit('/qa-portal/greet.php');\ncy.login('username', 'password');\ncy.screenshot(\"Login_fail\");\ncy.getErrorMessage().should('eq', 'Successful login');",
              "err": {
                "message": "AssertionError: Timed out retrying after 4000ms: expected 'No account found with that username.' to equal 'Successful login'",
                "estack": "AssertionError: Timed out retrying after 4000ms: expected 'No account found with that username.' to equal 'Successful login'\n    at Context.eval (webpack://pecode/./cypress/e2e/spec.cy.js:28:25)",
                "diff": "- 'No account found with that username.'\n+ 'Successful login'\n"
              },
              "uuid": "6044c7d5-8184-4beb-b155-52c06dd6eef5",
              "parentUUID": "8b135310-15fb-40e6-a143-c2be09bc300b",
              "isHook": false,
              "skipped": false
            },
            {
              "title": "Pecode Login Page. Test with Page-Object pattern",
              "fullTitle": "Test suite: Pecode Login (test data from env variables) Pecode Login Page. Test with Page-Object pattern",
              "timedOut": null,
              "duration": 811,
              "state": "passed",
              "speed": "fast",
              "pass": true,
              "fail": false,
              "pending": false,
              "context": null,
              "code": "const login = new _LoginPage.default(); //7. Use a page-object pattern\nlogin.visit(); //Same as cy.visit(`${Cypress.env(\"endpoint\")}/qa-portal/greet.php`)\nlogin.fillUser(Cypress.env('username'));\nlogin.fillPassword(Cypress.env('password'));\nlogin.submit();\nlogin.checkErrorMessageBlock('No account found with that username.');",
              "err": {},
              "uuid": "b0cf2d67-c960-430d-88e3-49eb074a028a",
              "parentUUID": "8b135310-15fb-40e6-a143-c2be09bc300b",
              "isHook": false,
              "skipped": false
            },
            {
              "title": "Pecode Login Page. Test with commands: no username",
              "fullTitle": "Test suite: Pecode Login (test data from env variables) Pecode Login Page. Test with commands: no username",
              "timedOut": null,
              "duration": 631,
              "state": "passed",
              "speed": "fast",
              "pass": true,
              "fail": false,
              "pending": false,
              "context": null,
              "code": "cy.visit('/qa-portal/greet.php'); //7. Use support actions\ncy.setPassword('password'); //verify we got \"Please enter username.\" message\ncy.clickLogin();\ncy.getErrorMessageForUser().should('eq', 'Please enter username.');",
              "err": {},
              "uuid": "184c2e08-2336-485d-81eb-82f71f9c5668",
              "parentUUID": "8b135310-15fb-40e6-a143-c2be09bc300b",
              "isHook": false,
              "skipped": false
            },
            {
              "title": "Pecode Login Page. Test with commands: no password",
              "fullTitle": "Test suite: Pecode Login (test data from env variables) Pecode Login Page. Test with commands: no password",
              "timedOut": null,
              "duration": 503,
              "state": "passed",
              "speed": "fast",
              "pass": true,
              "fail": false,
              "pending": false,
              "context": null,
              "code": "cy.visit('/qa-portal/greet.php'); //7. Use support actions\ncy.setUser('username'); //verify we got \"Please enter password.\" message\ncy.clickLogin();\ncy.getErrorMessageForPassword().should('eq', 'Please enter your password.');",
              "err": {},
              "uuid": "666e4d37-f37d-49ce-b339-178309760708",
              "parentUUID": "8b135310-15fb-40e6-a143-c2be09bc300b",
              "isHook": false,
              "skipped": false
            }
          ],
          "suites": [],
          "passes": [
            "b01713f6-1e83-4bfd-8b5b-bf284a912cc0",
            "b0cf2d67-c960-430d-88e3-49eb074a028a",
            "184c2e08-2336-485d-81eb-82f71f9c5668",
            "666e4d37-f37d-49ce-b339-178309760708"
          ],
          "failures": [
            "6044c7d5-8184-4beb-b155-52c06dd6eef5"
          ],
          "pending": [],
          "skipped": [],
          "duration": 9270,
          "root": false,
          "rootEmpty": false,
          "_timeout": 2000
        },
        {
          "uuid": "2be8414f-f6e7-4d77-9d97-62eddbe9fbc8",
          "title": "Test suite: Pecode Login (test data from fixtures)",
          "fullFile": "",
          "file": "",
          "beforeHooks": [],
          "afterHooks": [],
          "tests": [
            {
              "title": "Check that DOM elements presented",
              "fullTitle": "Test suite: Pecode Login (test data from fixtures) Check that DOM elements presented",
              "timedOut": null,
              "duration": 199,
              "state": "passed",
              "speed": "fast",
              "pass": true,
              "fail": false,
              "pending": false,
              "context": null,
              "code": "cy.visit('/qa-portal/greet.php');\ncy.get('center').should('exist');\ncy.get('.form-group').should('exist');\ncy.get('input[name=\"username\"]').should('exist');\ncy.get('input[name=\"password\"]').should('exist');\ncy.get('.btn.btn-success').contains('Login').should('exist');",
              "err": {},
              "uuid": "3c8c4048-8b54-4946-82fd-eebd71047b64",
              "parentUUID": "2be8414f-f6e7-4d77-9d97-62eddbe9fbc8",
              "isHook": false,
              "skipped": false
            },
            {
              "title": "Should fail: Pecode Login Page Test with commands",
              "fullTitle": "Test suite: Pecode Login (test data from fixtures) Should fail: Pecode Login Page Test with commands",
              "timedOut": null,
              "duration": 5642,
              "state": "failed",
              "speed": null,
              "pass": false,
              "fail": true,
              "pending": false,
              "context": null,
              "code": "cy.visit('/qa-portal/greet.php');\ncy.login('username', 'password');\ncy.screenshot(\"Login_fail\");\ncy.getErrorMessage().should('eq', this.data.successfulMessage);",
              "err": {
                "message": "AssertionError: Timed out retrying after 4000ms: expected 'No account found with that username.' to equal 'Successful Login.'",
                "estack": "AssertionError: Timed out retrying after 4000ms: expected 'No account found with that username.' to equal 'Successful Login.'\n    at Context.eval (webpack://pecode/./cypress/e2e/spec.cy.js:80:25)",
                "diff": "- 'No account found with that username.'\n+ 'Successful Login.'\n"
              },
              "uuid": "9274187a-3b20-4cc2-b713-60b5e762ea75",
              "parentUUID": "2be8414f-f6e7-4d77-9d97-62eddbe9fbc8",
              "isHook": false,
              "skipped": false
            },
            {
              "title": "Pecode Login Page. Test with Page-Object pattern",
              "fullTitle": "Test suite: Pecode Login (test data from fixtures) Pecode Login Page. Test with Page-Object pattern",
              "timedOut": null,
              "duration": 966,
              "state": "passed",
              "speed": "fast",
              "pass": true,
              "fail": false,
              "pending": false,
              "context": null,
              "code": "const login = new _LoginPage.default(); //7. Use a page-object pattern\nlogin.visit(); //Same as cy.visit(`${Cypress.env(\"endpoint\")}/qa-portal/greet.php`)\nlogin.fillUser(this.data.username);\nlogin.fillPassword(this.data.password);\nlogin.submit();\nlogin.checkErrorMessageBlock(this.data.noAccountMessage);",
              "err": {},
              "uuid": "1c86c587-8dc5-4aa5-acec-3b04b619a4c9",
              "parentUUID": "2be8414f-f6e7-4d77-9d97-62eddbe9fbc8",
              "isHook": false,
              "skipped": false
            },
            {
              "title": "Pecode Login Page. Test with commands: no username",
              "fullTitle": "Test suite: Pecode Login (test data from fixtures) Pecode Login Page. Test with commands: no username",
              "timedOut": null,
              "duration": 648,
              "state": "passed",
              "speed": "fast",
              "pass": true,
              "fail": false,
              "pending": false,
              "context": null,
              "code": "cy.visit('/qa-portal/greet.php'); //7. Use support actions\ncy.setPassword(this.data.password); //verify we got \"Please enter username.\" message\ncy.clickLogin();\ncy.getErrorMessageForUser().should('eq', this.data.noUserMessage);",
              "err": {},
              "uuid": "28be6b82-ba91-4ce4-988e-62c0dac911f1",
              "parentUUID": "2be8414f-f6e7-4d77-9d97-62eddbe9fbc8",
              "isHook": false,
              "skipped": false
            },
            {
              "title": "Pecode Login Page. Test with commands: no password",
              "fullTitle": "Test suite: Pecode Login (test data from fixtures) Pecode Login Page. Test with commands: no password",
              "timedOut": null,
              "duration": 706,
              "state": "passed",
              "speed": "fast",
              "pass": true,
              "fail": false,
              "pending": false,
              "context": null,
              "code": "cy.visit('/qa-portal/greet.php'); //7. Use support actions\ncy.setUser(this.data.username); //verify we got \"Please enter password.\" message\ncy.clickLogin();\ncy.getErrorMessageForPassword().should('eq', this.data.noPasswordMessage);",
              "err": {},
              "uuid": "85cf34e1-29cf-4562-8a93-b772a0403981",
              "parentUUID": "2be8414f-f6e7-4d77-9d97-62eddbe9fbc8",
              "isHook": false,
              "skipped": false
            }
          ],
          "suites": [],
          "passes": [
            "3c8c4048-8b54-4946-82fd-eebd71047b64",
            "1c86c587-8dc5-4aa5-acec-3b04b619a4c9",
            "28be6b82-ba91-4ce4-988e-62c0dac911f1",
            "85cf34e1-29cf-4562-8a93-b772a0403981"
          ],
          "failures": [
            "9274187a-3b20-4cc2-b713-60b5e762ea75"
          ],
          "pending": [],
          "skipped": [],
          "duration": 8161,
          "root": false,
          "rootEmpty": false,
          "_timeout": 2000
        }
      ],
      "passes": [],
      "failures": [],
      "pending": [],
      "skipped": [],
      "duration": 0,
      "root": true,
      "rootEmpty": true,
      "_timeout": 2000
    }
  ],
  "meta": {
    "mocha": {
      "version": "7.0.1"
    },
    "mochawesome": {
      "options": {
        "quiet": false,
        "reportFilename": "report",
        "saveHtml": true,
        "saveJson": true,
        "consoleReporter": "spec",
        "useInlineDiffs": false,
        "code": true
      },
      "version": "7.1.3"
    },
    "marge": {
      "options": {
        "charts": true,
        "json": true,
        "html": true,
        "reportsDir": "reports",
        "reportFilename": "report",
        "overwrite": true
      },
      "version": "6.2.0"
    }
  }
}